warning: unused import: `PathBuf`
 --> src\installer.rs:9:23
  |
9 | use std::path::{Path, PathBuf};
  |                       ^^^^^^^
  |
  = note: `#[warn(unused_imports)]` (part of `#[warn(unused)]`) on by default

warning: unused variable: `sums_url`
  --> src\installer.rs:65:9
   |
65 |     let sums_url = if remote.ends_with('/') { format!("{}{}{}/terraform_{}_SHA256SUMS", remote, "", version, version) } else { format!("{...
   |         ^^^^^^^^ help: if this is intentional, prefix it with an underscore: `_sums_url`
   |
   = note: `#[warn(unused_variables)]` (part of `#[warn(unused)]`) on by default

warning: unused variable: `remote`
  --> src\installer.rs:77:14
   |
77 | fn fetch_sig(remote: &str, version: &str) -> Result<NamedTempFile> {
   |              ^^^^^^ help: if this is intentional, prefix it with an underscore: `_remote`

warning: `tfenv-rs` (lib) generated 3 warnings (run `cargo fix --lib -p tfenv-rs` to apply 1 suggestion)
   Compiling tfenv-rs v0.1.0 (C:\Users\grego\source\repos\tfenv-rs)
warning: unused variable: `tfenv_root`
  --> src\version.rs:84:39
   |
84 | fn resolve_requested(requested: &str, tfenv_root: &PathBuf, config_dir: &PathBuf) -> Result<String> {
   |                                       ^^^^^^^^^^ help: if this is intentional, prefix it with an underscore: `_tfenv_root`

warning: unused variable: `config_dir`
   --> src\version.rs:178:17
    |
178 | fn min_required(config_dir: &PathBuf) -> Result<Option<String>> {
    |                 ^^^^^^^^^^ help: if this is intentional, prefix it with an underscore: `_config_dir`

warning: unused variable: `config_dir`
   --> src\version.rs:219:32
    |
219 | fn latest_allowed_to_requested(config_dir: &PathBuf) -> Result<Option<String>> {
    |                                ^^^^^^^^^^ help: if this is intentional, prefix it with an underscore: `_config_dir`

warning: unused variable: `config_dir`
  --> src\main.rs:88:20
   |
88 | fn resolve_version(config_dir: &Path) -> Result<String> {
   |                    ^^^^^^^^^^ help: if this is intentional, prefix it with an underscore: `_config_dir`

warning: function `resolve_version` is never used
  --> src\main.rs:88:4
   |
88 | fn resolve_version(config_dir: &Path) -> Result<String> {
   |    ^^^^^^^^^^^^^^^
   |
   = note: `#[warn(dead_code)]` (part of `#[warn(unused)]`) on by default

warning: `tfenv-rs` (bin "tfenv-rs") generated 8 warnings (3 duplicates)
    Finished `release` profile [optimized] target(s) in 5.32s
