   Compiling windows-sys v0.61.2
   Compiling typenum v1.19.0
   Compiling new_debug_unreachable v1.0.6
   Compiling equivalent v1.0.2
   Compiling proc-macro2 v1.0.103
   Compiling getrandom v0.3.4
   Compiling zerocopy v0.8.30
   Compiling windows_x86_64_msvc v0.53.1
   Compiling getrandom v0.1.16
   Compiling generic-array v0.14.7
   Compiling windows_x86_64_msvc v0.52.6
   Compiling serde_core v1.0.228
   Compiling http v0.2.12
   Compiling icu_normalizer_data v2.1.1
   Compiling icu_properties_data v2.1.1
   Compiling proc-macro-hack v0.5.20+deprecated
   Compiling parking_lot_core v0.9.12
   Compiling hashbrown v0.16.1
   Compiling slab v0.4.11
   Compiling futures-io v0.3.31
   Compiling libc v0.2.177
   Compiling tracing v0.1.43
   Compiling mac v0.1.1
   Compiling siphasher v1.0.1
   Compiling precomputed-hash v0.1.1
   Compiling try-lock v0.2.5
   Compiling native-tls v0.2.14
   Compiling cpufeatures v0.2.17
   Compiling httparse v1.10.1
   Compiling windows_x86_64_msvc v0.48.5
   Compiling lock_api v0.4.14
   Compiling rustls v0.21.12
   Compiling phf_shared v0.10.0
   Compiling phf_shared v0.8.0
   Compiling windows-targets v0.53.5
   Compiling windows-targets v0.52.6
   Compiling futures-channel v0.3.31
   Compiling jobserver v0.1.34
   Compiling rand_core v0.5.1
   Compiling quote v1.0.42
   Compiling futures-util v0.3.31
   Compiling want v0.3.1
   Compiling futf v0.1.5
   Compiling phf_shared v0.11.3
   Compiling once_cell_polyfill v1.70.2
   Compiling zstd-safe v5.0.2+zstd.1.5.2
   Compiling crc32fast v1.5.0
   Compiling http-body v0.4.6
   Compiling dtoa v1.0.10
   Compiling utf8parse v0.2.2
   Compiling httpdate v1.0.3
   Compiling winapi v0.3.9
   Compiling indexmap v2.12.1
   Compiling ppv-lite86 v0.2.21
   Compiling percent-encoding v2.3.2
   Compiling byteorder v1.5.0
   Compiling windows-sys v0.60.2
   Compiling windows-sys v0.52.0
   Compiling rand_pcg v0.2.1
   Compiling anstyle v1.0.13
   Compiling tower-service v0.3.3
   Compiling utf-8 v0.7.6
   Compiling windows-targets v0.48.5
   Compiling syn v2.0.111
   Compiling syn v1.0.109
   Compiling cc v1.2.48
   Compiling phf v0.10.1
   Compiling simd-adler32 v0.3.7
   Compiling itoa v0.4.8
   Compiling parking_lot v0.12.5
   Compiling dtoa-short v0.3.5
   Compiling anstyle-parse v0.2.7
   Compiling is_terminal_polyfill v1.70.2
   Compiling utf8_iter v1.0.4
   Compiling form_urlencoded v1.2.2
   Compiling tendril v0.4.3
   Compiling mio v1.1.0
   Compiling schannel v0.1.28
   Compiling anstyle-wincon v3.0.11
   Compiling anstyle-query v1.1.5
   Compiling rand_chacha v0.3.1
   Compiling rand_chacha v0.2.2
   Compiling rustix v0.38.44
   Compiling nodrop v0.1.14
   Compiling colorchoice v1.0.4
   Compiling matches v0.1.10
   Compiling base64ct v1.8.0
   Compiling convert_case v0.4.0
   Compiling adler2 v2.0.1
   Compiling rand_core v0.6.4
   Compiling powerfmt v0.2.0
   Compiling servo_arc v0.1.1
   Compiling fxhash v0.2.1
   Compiling errno v0.3.14
   Compiling rand v0.8.5
   Compiling rand v0.7.3
   Compiling crypto-common v0.1.7
   Compiling block-buffer v0.10.4
   Compiling inout v0.1.4
   Compiling miniz_oxide v0.8.9
   Compiling deranged v0.5.5
   Compiling anstream v0.6.21
   Compiling windows-sys v0.48.0
   Compiling windows-sys v0.59.0
   Compiling aho-corasick v1.1.4
   Compiling bitflags v2.10.0
   Compiling socket2 v0.5.10
   Compiling bitflags v1.3.2
   Compiling digest v0.10.7
   Compiling password-hash v0.4.2
   Compiling cipher v0.4.4
   Compiling unicode-width v0.2.2
   Compiling anyhow v1.0.100
   Compiling thin-slice v0.1.1
   Compiling clap_lex v0.7.6
   Compiling heck v0.5.0
   Compiling base64 v0.21.7
   Compiling socket2 v0.6.1
   Compiling hmac v0.12.1
   Compiling sha2 v0.10.9
   Compiling regex-syntax v0.8.8
   Compiling strsim v0.11.1
   Compiling ryu v1.0.20
   Compiling time-core v0.1.6
   Compiling phf_generator v0.11.3
   Compiling phf_generator v0.10.0
   Compiling num-conv v0.1.0
   Compiling getopts v0.2.24
   Compiling aes v0.8.4
   Compiling ring v0.17.14
   Compiling phf_generator v0.8.0
   Compiling zstd-sys v2.0.16+zstd.1.5.7
   Compiling string_cache_codegen v0.5.4
   Compiling tokio v1.48.0
   Compiling phf_codegen v0.10.0
   Compiling bzip2-sys v0.1.13+1.0.8
   Compiling rustls-pemfile v1.0.4
   Compiling pbkdf2 v0.11.0
   Compiling clap_builder v4.5.53
   Compiling phf_codegen v0.8.0
   Compiling flate2 v1.1.5
   Compiling sha1 v0.10.6
   Compiling filetime v0.2.26
   Compiling time v0.3.44
   Compiling home v0.5.12
   Compiling encoding_rs v0.8.35
   Compiling sync_wrapper v0.1.2
   Compiling ipnet v2.11.0
   Compiling fastrand v2.3.0
   Compiling webpki-roots v0.25.4
   Compiling selectors v0.22.0
   Compiling markup5ever v0.11.0
   Compiling ego-tree v0.6.3
   Compiling either v1.15.0
   Compiling constant_time_eq v0.1.5
   Compiling mime v0.3.17
   Compiling tar v0.4.44
   Compiling semver v1.0.27
   Compiling hex v0.4.3
   Compiling tempfile v3.23.0
   Compiling which v4.4.2
   Compiling dirs-sys v0.3.7
   Compiling synstructure v0.13.2
   Compiling regex-automata v0.4.13
   Compiling winreg v0.50.0
   Compiling dirs v4.0.0
   Compiling cssparser v0.27.2
   Compiling phf_macros v0.8.0
   Compiling html5ever v0.26.0
   Compiling zerofrom-derive v0.1.6
   Compiling yoke-derive v0.8.1
   Compiling zerovec-derive v0.11.2
   Compiling displaydoc v0.2.5
   Compiling serde_derive v1.0.228
   Compiling cssparser-macros v0.6.1
   Compiling derive_more v0.99.20
   Compiling clap_derive v4.5.49
   Compiling regex v1.12.2
   Compiling tokio-util v0.7.17
   Compiling tokio-native-tls v0.3.1
   Compiling phf v0.8.0
   Compiling zerofrom v0.1.6
   Compiling bzip2 v0.4.4
   Compiling yoke v0.8.1
   Compiling h2 v0.3.27
   Compiling clap v4.5.53
   Compiling zerovec v0.11.5
   Compiling zerotrie v0.2.3
   Compiling serde v1.0.228
   Compiling tinystr v0.8.2
   Compiling potential_utf v0.1.4
   Compiling icu_collections v2.1.1
   Compiling icu_locale_core v2.1.1
   Compiling rustls-webpki v0.101.7
   Compiling sct v0.7.1
   Compiling string_cache v0.8.9
   Compiling serde_urlencoded v0.7.1
   Compiling hyper v0.14.32
   Compiling icu_provider v2.1.1
   Compiling icu_properties v2.1.1
   Compiling icu_normalizer v2.1.1
   Compiling scraper v0.14.0
   Compiling tokio-rustls v0.24.1
   Compiling idna_adapter v1.2.1
   Compiling idna v1.1.0
   Compiling url v2.5.7
   Compiling hyper-rustls v0.24.2
   Compiling hyper-tls v0.5.0
   Compiling zstd v0.11.2+zstd.1.5.2
   Compiling zip v0.6.6
   Compiling reqwest v0.11.27
   Compiling tfenv-rs v0.1.0 (C:\Users\grego\source\repos\tfenv-rs)
warning: unused import: `PathBuf`
 --> src\installer.rs:9:23
  |
9 | use std::path::{Path, PathBuf};
  |                       ^^^^^^^
  |
  = note: `#[warn(unused_imports)]` (part of `#[warn(unused)]`) on by default

warning: unused variable: `sums_url`
  --> src\installer.rs:65:9
   |
65 |     let sums_url = if remote.ends_with('/') { format!("{}{}{}/terraform_{}_SHA256SUMS", remote, "", version, version) } else { format!("{...
   |         ^^^^^^^^ help: if this is intentional, prefix it with an underscore: `_sums_url`
   |
   = note: `#[warn(unused_variables)]` (part of `#[warn(unused)]`) on by default

warning: unused variable: `remote`
  --> src\installer.rs:77:14
   |
77 | fn fetch_sig(remote: &str, version: &str) -> Result<NamedTempFile> {
   |              ^^^^^^ help: if this is intentional, prefix it with an underscore: `_remote`

warning: `tfenv-rs` (lib) generated 3 warnings (run `cargo fix --lib -p tfenv-rs` to apply 1 suggestion)
warning: unused variable: `tfenv_root`
  --> src\version.rs:84:39
   |
84 | fn resolve_requested(requested: &str, tfenv_root: &PathBuf, config_dir: &PathBuf) -> Result<String> {
   |                                       ^^^^^^^^^^ help: if this is intentional, prefix it with an underscore: `_tfenv_root`

warning: unused variable: `config_dir`
   --> src\version.rs:178:17
    |
178 | fn min_required(config_dir: &PathBuf) -> Result<Option<String>> {
    |                 ^^^^^^^^^^ help: if this is intentional, prefix it with an underscore: `_config_dir`

warning: unused variable: `config_dir`
   --> src\version.rs:219:32
    |
219 | fn latest_allowed_to_requested(config_dir: &PathBuf) -> Result<Option<String>> {
    |                                ^^^^^^^^^^ help: if this is intentional, prefix it with an underscore: `_config_dir`

warning: unused variable: `config_dir`
  --> src\main.rs:87:20
   |
87 | fn resolve_version(config_dir: &Path) -> Result<String> {
   |                    ^^^^^^^^^^ help: if this is intentional, prefix it with an underscore: `_config_dir`

warning: function `resolve_version` is never used
  --> src\main.rs:87:4
   |
87 | fn resolve_version(config_dir: &Path) -> Result<String> {
   |    ^^^^^^^^^^^^^^^
   |
   = note: `#[warn(dead_code)]` (part of `#[warn(unused)]`) on by default

warning: `tfenv-rs` (bin "tfenv-rs") generated 8 warnings (3 duplicates)
    Finished `release` profile [optimized] target(s) in 50.45s
